<?xml version="1.0" encoding="UTF-8"?>
<!-- Generated by org.testng.reporters.JUnitReportReporter -->
<testsuite hostname="KALAI" failures="0" tests="13" name="Online_Shopping_Test" time="550.355" errors="0" timestamp="2025-05-06T11:42:35 IST" skipped="0">
  <testcase classname="Online_Shopping_Test" name="searchForProduct" time="23.658"/>
  <testcase classname="Online_Shopping_Test" name="addProductToWishList" time="44.144"/>
  <testcase classname="Online_Shopping_Test" name="chckOutPrdctFrmCartAddFrmWishList" time="46.854"/>
  <testcase classname="Online_Shopping_Test" name="addProductToCartTest" time="46.083"/>
  <testcase classname="Online_Shopping_Test" name="decreaseQtyOfPrdctInCart" time="49.107"/>
  <testcase classname="Online_Shopping_Test" name="addShippingAddrs" time="50.588"/>
  <testcase classname="Online_Shopping_Test" name="addBillingAddrs" time="55.418"/>
  <testcase classname="Online_Shopping_Test" name="trackOrderUsingOrderId" time="25.647"/>
  <testcase classname="Online_Shopping_Test" name="viewOrderHistory" time="28.493"/>
  <testcase classname="Online_Shopping_Test" name="removeProductFromCart" time="50.544"/>
  <testcase classname="Online_Shopping_Test" name="increaseQtyOfPrdctInCart" time="48.995"/>
  <testcase classname="Online_Shopping_Test" name="updateUserName" time="30.958"/>
  <testcase classname="Online_Shopping_Test" name="removePrdctFrmWishlist" time="49.866"/>
</testsuite> <!-- Online_Shopping_Test -->
