<?xml version="1.0" encoding="UTF-8"?>
<!-- Generated by org.testng.reporters.JUnitReportReporter -->
<testsuite hostname="KALAI" failures="0" tests="1" name="online_shopping.UpdateUserName" time="37.167" errors="0" timestamp="2025-04-21T16:20:00 IST" skipped="0">
  <testcase classname="online_shopping.UpdateUserName" name="updateUserName" time="37.167"/>
</testsuite> <!-- online_shopping.UpdateUserName -->
