<?xml version="1.0" encoding="UTF-8"?>
<!-- Generated by org.testng.reporters.JUnitReportReporter -->
<testsuite hostname="KALAI" failures="0" tests="1" name="online_shopping.AddShippingAddrs" time="55.066" errors="0" timestamp="2025-04-21T16:18:53 IST" skipped="0">
  <testcase classname="online_shopping.AddShippingAddrs" name="addShippingAddrs" time="55.066"/>
</testsuite> <!-- online_shopping.AddShippingAddrs -->
