<?xml version="1.0" encoding="UTF-8"?>
<!-- Generated by org.testng.reporters.JUnitReportReporter -->
<testsuite hostname="KALAI" failures="0" tests="1" name="Online_Shopping_Test" time="69.738" errors="0" timestamp="2025-05-16T17:58:17 IST" skipped="0">
  <testcase classname="Online_Shopping_Test" name="addProductToCartTest" time="69.738"/>
</testsuite> <!-- Online_Shopping_Test -->
