<?xml version="1.0" encoding="UTF-8"?>
<!-- Generated by org.testng.reporters.JUnitReportReporter -->
<testsuite hostname="KALAI" failures="0" tests="1" name="online_shopping.AddProductToWishlist" time="64.576" errors="0" timestamp="2025-04-21T12:55:49 IST" skipped="0">
  <testcase classname="online_shopping.AddProductToWishlist" name="addProductToWishList" time="64.576"/>
</testsuite> <!-- online_shopping.AddProductToWishlist -->
