<?xml version="1.0" encoding="UTF-8"?>
<!-- Generated by org.testng.reporters.JUnitXMLReporter -->
<testsuite ignored="0" hostname="KALAI" failures="0" tests="1" name="Test-3" time="80.723" errors="0" timestamp="2025-04-21T12:55:45 IST">
  <testcase classname="online_shopping.AddProductToWishlist" name="addProductToWishList" time="24.478"/>
</testsuite> <!-- Test-3 -->
