<?xml version="1.0" encoding="UTF-8"?>
<!-- Generated by org.testng.reporters.JUnitXMLReporter -->
<testsuite ignored="0" hostname="KALAI" failures="0" tests="1" name="Test-4" time="80.555" errors="0" timestamp="2025-04-21T12:55:45 IST">
  <testcase classname="online_shopping.AddProductToCart" name="addProductToCartTest" time="28.931"/>
</testsuite> <!-- Test-4 -->
