<?xml version="1.0" encoding="UTF-8"?>
<!-- Generated by org.testng.reporters.JUnitXMLReporter -->
<testsuite ignored="0" hostname="KALAI" failures="0" tests="1" name="Test-1" time="84.047" errors="0" timestamp="2025-04-21T12:55:48 IST">
  <testcase classname="online_shopping.AddBillingAddrs" name="addBillingAddrs" time="36.443"/>
</testsuite> <!-- Test-1 -->
